<?xml version="1.0" encoding="UTF-8"?>
<!-- Generated by org.testng.reporters.JUnitReportReporter -->
<testsuite hostname="Atish" failures="0" tests="1" name="Com.OrangeHRM.TestCases.AddUser" time="17.318" errors="0" timestamp="2022-10-13T11:16:25 IST" skipped="0">
  <testcase classname="Com.OrangeHRM.TestCases.AddUser" name="AddUsrs" time="17.318"/>
  <system-out/>
</testsuite> <!-- Com.OrangeHRM.TestCases.AddUser -->
